<?xml version="1.0" encoding="UTF-8"?>
<testsuite xmlns:xsi="http://www.w3.org/2001/XMLSchema-instance" xsi:noNamespaceSchemaLocation="https://maven.apache.org/surefire/maven-surefire-plugin/xsd/surefire-test-report.xsd" version="3.0.2" name="TestSuite" time="199.195" tests="12" errors="0" skipped="0" failures="0">
  <properties>
[...]
</properties>
  <testcase name="CreateTicket1Test" classname="All12TCusingTestNGIMplementation.CreateTicketusingTestngImple" time="20.928">
    <system-out><![CDATA[Report configuration
executed BeforeSuite++=========connect to db and report config
edge
edge
edge
edge
edge
executed BeforeClass====Launch the brow
executed BeforeClass====Launch the brow
executed BeforeClass====Launch the brow
executed BeforeClass====Launch the brow
executed BeforeClass====Launch the brow
executed beforemethod=======login
======CreateConatctwithEmailTest==Start===
executed beforemethod=======login
======CreateLeadsTest==Start===
executed beforemethod=======login
======CreateOppertunitiesTest==Start===
executed beforemethod=======login
======CreateTicket1Test==Start===
executed beforemethod=======login
======CreateORGwithPHoneNUmTest==Start===
]]></system-out>
    <system-err><![CDATA[SLF4J: Failed to load class "org.slf4j.impl.StaticLoggerBinder".
SLF4J: Defaulting to no-operation (NOP) logger implementation
SLF4J: See http://www.slf4j.org/codes.html#StaticLoggerBinder for further details.
Loading class `com.mysql.jdbc.Driver'. This is deprecated. The new driver class is `com.mysql.cj.jdbc.Driver'. The driver is automatically registered via the SPI and manual loading of the driver class is generally unnecessary.
Nov 11, 2024 10:35:57 AM io.opentelemetry.api.GlobalOpenTelemetry maybeAutoConfigureAndSetGlobal
INFO: AutoConfiguredOpenTelemetrySdk found on classpath but automatic configuration is disabled. To enable, run your JVM with -Dotel.java.global-autoconfigure.enabled=true
ERROR StatusLogger Log4j2 could not find a logging implementation. Please add log4j-core to the classpath. Using SimpleLogger to log to the console...
Nov 11, 2024 10:36:11 AM org.openqa.selenium.devtools.CdpVersionFinder findNearestMatch
WARNING: Unable to find CDP implementation matching 130
Nov 11, 2024 10:36:11 AM org.openqa.selenium.devtools.CdpVersionFinder findNearestMatch
WARNING: Unable to find CDP implementation matching 130
Nov 11, 2024 10:36:11 AM org.openqa.selenium.devtools.CdpVersionFinder findNearestMatch
WARNING: Unable to find CDP implementation matching 130
Nov 11, 2024 10:36:11 AM org.openqa.selenium.chromium.ChromiumDriver lambda$new$5
WARNING: Unable to find version of CDP to use for 130.0.2849.80. You may need to include a dependency on a specific version of the CDP using something similar to `org.seleniumhq.selenium:selenium-devtools-v86:4.11.0` where the version ("v86") matches the version of the chromium-based browser you're using and the version number of the artifact is the same as Selenium's.
Nov 11, 2024 10:36:11 AM org.openqa.selenium.chromium.ChromiumDriver lambda$new$5
WARNING: Unable to find version of CDP to use for 130.0.2849.80. You may need to include a dependency on a specific version of the CDP using something similar to `org.seleniumhq.selenium:selenium-devtools-v86:4.11.0` where the version ("v86") matches the version of the chromium-based browser you're using and the version number of the artifact is the same as Selenium's.
Nov 11, 2024 10:36:11 AM org.openqa.selenium.chromium.ChromiumDriver lambda$new$5
WARNING: Unable to find version of CDP to use for 130.0.2849.80. You may need to include a dependency on a specific version of the CDP using something similar to `org.seleniumhq.selenium:selenium-devtools-v86:4.11.0` where the version ("v86") matches the version of the chromium-based browser you're using and the version number of the artifact is the same as Selenium's.
Nov 11, 2024 10:36:11 AM org.openqa.selenium.devtools.CdpVersionFinder findNearestMatch
WARNING: Unable to find CDP implementation matching 130
Nov 11, 2024 10:36:11 AM org.openqa.selenium.chromium.ChromiumDriver lambda$new$5
WARNING: Unable to find version of CDP to use for 130.0.2849.80. You may need to include a dependency on a specific version of the CDP using something similar to `org.seleniumhq.selenium:selenium-devtools-v86:4.11.0` where the version ("v86") matches the version of the chromium-based browser you're using and the version number of the artifact is the same as Selenium's.
Nov 11, 2024 10:36:11 AM org.openqa.selenium.devtools.CdpVersionFinder findNearestMatch
WARNING: Unable to find CDP implementation matching 130
Nov 11, 2024 10:36:11 AM org.openqa.selenium.chromium.ChromiumDriver lambda$new$5
WARNING: Unable to find version of CDP to use for 130.0.2849.80. You may need to include a dependency on a specific version of the CDP using something similar to `org.seleniumhq.selenium:selenium-devtools-v86:4.11.0` where the version ("v86") matches the version of the chromium-based browser you're using and the version number of the artifact is the same as Selenium's.
]]></system-err>
  </testcase>
  <testcase name="CreateORGwithPHoneNUmTest" classname="All12TCusingTestNGIMplementation.CreteOrgTestPOMusingTestNGimple" time="23.106">
    <system-out><![CDATA[======CreateTicket1Test==End===
org
]]></system-out>
  </testcase>
  <testcase name="CreateOrgTest" classname="All12TCusingTestNGIMplementation.CreteOrgTestPOMusingTestNGimple" time="16.792">
    <system-out><![CDATA[======CreateConatctwithEmailTest==End===
]]></system-out>
  </testcase>
  <testcase name="CreateOrganizationwithIndustryTestpomTest" classname="All12TCusingTestNGIMplementation.CreteOrgTestPOMusingTestNGimple" time="12.219">
    <system-out><![CDATA[======CreateDocumentTest==End===
hi:[ ACC533 ] Facebook_8186 - Organization Information
hiii:Yash_9256
]]></system-out>
  </testcase>
  <testcase name="DeleteOrganizationTestPomTest" classname="All12TCusingTestNGIMplementation.CreteOrgTestPOMusingTestNGimple" time="3.921">
    <system-out><![CDATA[======CreateContactwithOrgTest==End===
Window Quit
executed Aftermethod=====logout
executed beforemethod=======login
======CreateContactwithSupportDateTest==Start===
]]></system-out>
  </testcase>
  <testcase name="CreateLeadsTest" classname="All12TCusingTestNGIMplementation.CreateLeadsusingTEstngIMple" time="27.282">
    <system-out><![CDATA[======CreateORGwithPHoneNUmTest==End===
]]></system-out>
  </testcase>
  <testcase name="CreateOppertunitiesTest" classname="All12TCusingTestNGIMplementation.CreateOppertunitiesusingTestNGpomImple" time="2.661">
    <system-out><![CDATA[======CreateLeadsTest==End===
Window Quit
executed Aftermethod=====logout
Window Quit
executed Aftermethod=====logout
Window Quit
executed Aftermethod=====logout
executed beforemethod=======login
======CreateOrgTest==Start===
executed Afterclass===close the brow
edge
]]></system-out>
    <system-err><![CDATA[Nov 11, 2024 10:37:43 AM org.openqa.selenium.remote.http.WebSocket$Listener onError
WARNING: Connection reset
java.net.SocketException: Connection reset
	at java.base/sun.nio.ch.SocketChannelImpl.throwConnectionReset(SocketChannelImpl.java:394)
	at java.base/sun.nio.ch.SocketChannelImpl.read(SocketChannelImpl.java:426)
	at io.netty.buffer.PooledByteBuf.setBytes(PooledByteBuf.java:256)
	at io.netty.buffer.AbstractByteBuf.writeBytes(AbstractByteBuf.java:1132)
	at io.netty.channel.socket.nio.NioSocketChannel.doReadBytes(NioSocketChannel.java:357)
	at io.netty.channel.nio.AbstractNioByteChannel$NioByteUnsafe.read(AbstractNioByteChannel.java:151)
	at io.netty.channel.nio.NioEventLoop.processSelectedKey(NioEventLoop.java:788)
	at io.netty.channel.nio.NioEventLoop.processSelectedKeysOptimized(NioEventLoop.java:724)
	at io.netty.channel.nio.NioEventLoop.processSelectedKeys(NioEventLoop.java:650)
	at io.netty.channel.nio.NioEventLoop.run(NioEventLoop.java:562)
	at io.netty.util.concurrent.SingleThreadEventExecutor$4.run(SingleThreadEventExecutor.java:997)
	at io.netty.util.internal.ThreadExecutorMap$2.run(ThreadExecutorMap.java:74)
	at io.netty.util.concurrent.FastThreadLocalRunnable.run(FastThreadLocalRunnable.java:30)
	at java.base/java.lang.Thread.run(Thread.java:842)

--------------WINDOW QUIT ---------
]]></system-err>
  </testcase>
  <testcase name="CreateConatctwithEmailTest" classname="All12TCusingTestNGIMplementation.CreatecontactTestpomusingTestNGimple" time="12.149">
    <system-out><![CDATA[======CreateOppertunitiesTest==End===
executed Afterclass===close the brow
executed BeforeClass====Launch the brow
Window Quit
executed Aftermethod=====logout
Screenshot Taken 
]]></system-out>
    <system-err><![CDATA[--------------WINDOW QUIT ---------
Nov 11, 2024 10:37:48 AM org.openqa.selenium.devtools.CdpVersionFinder findNearestMatch
WARNING: Unable to find CDP implementation matching 130
Nov 11, 2024 10:37:48 AM org.openqa.selenium.chromium.ChromiumDriver lambda$new$5
WARNING: Unable to find version of CDP to use for 130.0.2849.80. You may need to include a dependency on a specific version of the CDP using something similar to `org.seleniumhq.selenium:selenium-devtools-v86:4.11.0` where the version ("v86") matches the version of the chromium-based browser you're using and the version number of the artifact is the same as Selenium's.
]]></system-err>
  </testcase>
  <testcase name="CreateContactwithOrgTest" classname="All12TCusingTestNGIMplementation.CreatecontactTestpomusingTestNGimple" time="0.681">
    <system-out><![CDATA[======CreateOrganizationwithIndustryTestpomTest==End===
Window Quit
executed Aftermethod=====logout
executed Afterclass===close the brow
Window Quit
executed Aftermethod=====logout
executed beforemethod=======login
======DeleteOrganizationTestPomTest==Start===
Yash_9256hii
Yash_9256hello
]]></system-out>
    <system-err><![CDATA[--------------WINDOW QUIT ---------
]]></system-err>
  </testcase>
  <testcase name="CreateContactwithSupportDateTest" classname="All12TCusingTestNGIMplementation.CreatecontactTestpomusingTestNGimple" time="12.399">
    <system-out><![CDATA[======DeleteOrganizationTestPomTest==End===
]]></system-out>
  </testcase>
  <testcase name="CreatecontactTest" classname="All12TCusingTestNGIMplementation.CreatecontactTestpomusingTestNGimple" time="7.713">
    <system-out><![CDATA[======CreateContactwithSupportDateTest==End===
Window Quit
executed Aftermethod=====logout
executed Afterclass===close the brow
Window Quit
executed Aftermethod=====logout
executed beforemethod=======login
======CreatecontactTest==Start===
facebook_9334
facebook_9334
]]></system-out>
    <system-err><![CDATA[--------------WINDOW QUIT ---------
]]></system-err>
  </testcase>
  <testcase name="CreateDocumentTest" classname="All12TCusingTestNGIMplementation.CreateDocumentusingTEstNgIMple" time="6.636">
    <system-out><![CDATA[======CreateOrgTest==End===
Window Quit
executed Aftermethod=====logout
executed beforemethod=======login
======CreateDocumentTest==Start===
executed Afterclass===close the brow
executed beforemethod=======login
======CreateContactwithOrgTest==Start===
Window Quit
executed Aftermethod=====logout
executed beforemethod=======login
======CreateOrganizationwithIndustryTestpomTest==Start===
]]></system-out>
    <system-err><![CDATA[--------------WINDOW QUIT ---------
]]></system-err>
  </testcase>
</testsuite>