<?xml version="1.0" encoding="UTF-8"?>
<testng-results ignored="10" total="22" passed="12" failed="0" skipped="0">
  <reporter-output>
  </reporter-output>
  <suite started-at="2024-11-11T10:35:57 IST" name="Suite" finished-at="2024-11-11T10:39:15 IST" duration-ms="197528">
    <groups>
      <group name="Regression Test">
        <method signature="CreatecontactTestpomusingTestNGimple.CreateConatctwithEmailTest()[pri:0, instance:All12TCusingTestNGIMplementation.CreatecontactTestpomusingTestNGimple@2a4fb17b]" name="CreateConatctwithEmailTest" class="All12TCusingTestNGIMplementation.CreatecontactTestpomusingTestNGimple"/>
        <method signature="CreatecontactTestpomusingTestNGimple.CreateContactwithOrgTest()[pri:0, instance:All12TCusingTestNGIMplementation.CreatecontactTestpomusingTestNGimple@2a4fb17b]" name="CreateContactwithOrgTest" class="All12TCusingTestNGIMplementation.CreatecontactTestpomusingTestNGimple"/>
        <method signature="CreatecontactTestpomusingTestNGimple.CreateContactwithSupportDateTest()[pri:0, instance:All12TCusingTestNGIMplementation.CreatecontactTestpomusingTestNGimple@2a4fb17b]" name="CreateContactwithSupportDateTest" class="All12TCusingTestNGIMplementation.CreatecontactTestpomusingTestNGimple"/>
        <method signature="CreteOrgTestPOMusingTestNGimple.CreateORGwithPHoneNUmTest()[pri:0, instance:All12TCusingTestNGIMplementation.CreteOrgTestPOMusingTestNGimple@5c6648b0]" name="CreateORGwithPHoneNUmTest" class="All12TCusingTestNGIMplementation.CreteOrgTestPOMusingTestNGimple"/>
        <method signature="CreteOrgTestPOMusingTestNGimple.CreateOrganizationwithIndustryTestpomTest()[pri:0, instance:All12TCusingTestNGIMplementation.CreteOrgTestPOMusingTestNGimple@5c6648b0]" name="CreateOrganizationwithIndustryTestpomTest" class="All12TCusingTestNGIMplementation.CreteOrgTestPOMusingTestNGimple"/>
        <method signature="CreteOrgTestPOMusingTestNGimple.DeleteOrganizationTestPomTest()[pri:0, instance:All12TCusingTestNGIMplementation.CreteOrgTestPOMusingTestNGimple@5c6648b0]" name="DeleteOrganizationTestPomTest" class="All12TCusingTestNGIMplementation.CreteOrgTestPOMusingTestNGimple"/>
      </group> <!-- Regression Test -->
      <group name="Smoke Test">
        <method signature="CreateDocumentusingTEstNgIMple.CreateDocumentTest()[pri:0, instance:All12TCusingTestNGIMplementation.CreateDocumentusingTEstNgIMple@459e9125]" name="CreateDocumentTest" class="All12TCusingTestNGIMplementation.CreateDocumentusingTEstNgIMple"/>
        <method signature="CreateLeadsusingTEstngIMple.CreateLeadsTest()[pri:0, instance:All12TCusingTestNGIMplementation.CreateLeadsusingTEstngIMple@6f1de4c7]" name="CreateLeadsTest" class="All12TCusingTestNGIMplementation.CreateLeadsusingTEstngIMple"/>
        <method signature="CreateOppertunitiesusingTestNGpomImple.CreateOppertunitiesTest()[pri:0, instance:All12TCusingTestNGIMplementation.CreateOppertunitiesusingTestNGpomImple@4c371370]" name="CreateOppertunitiesTest" class="All12TCusingTestNGIMplementation.CreateOppertunitiesusingTestNGpomImple"/>
        <method signature="CreateTicketusingTestngImple.CreateTicket1Test()[pri:0, instance:All12TCusingTestNGIMplementation.CreateTicketusingTestngImple@34a3d150]" name="CreateTicket1Test" class="All12TCusingTestNGIMplementation.CreateTicketusingTestngImple"/>
        <method signature="CreatecontactTestpomusingTestNGimple.CreatecontactTest()[pri:0, instance:All12TCusingTestNGIMplementation.CreatecontactTestpomusingTestNGimple@2a4fb17b]" name="CreatecontactTest" class="All12TCusingTestNGIMplementation.CreatecontactTestpomusingTestNGimple"/>
        <method signature="CreteOrgTestPOMusingTestNGimple.CreateOrgTest()[pri:0, instance:All12TCusingTestNGIMplementation.CreteOrgTestPOMusingTestNGimple@5c6648b0]" name="CreateOrgTest" class="All12TCusingTestNGIMplementation.CreteOrgTestPOMusingTestNGimple"/>
      </group> <!-- Smoke Test -->
    </groups>
    <test started-at="2024-11-11T10:35:57 IST" name="Test" finished-at="2024-11-11T10:39:15 IST" duration-ms="197528">
      <class name="All12TCusingTestNGIMplementation.CreateOppertunitiesusingTestNGpomImple">
        <test-method is-config="true" signature="BeforeSuite()[pri:0, instance:All12TCusingTestNGIMplementation.CreateOppertunitiesusingTestNGpomImple@4c371370]" started-at="2024-11-11T10:35:57 IST" name="BeforeSuite" finished-at="2024-11-11T10:35:57 IST" duration-ms="481" status="PASS">
          <reporter-output>
          </reporter-output>
        </test-method> <!-- BeforeSuite -->
        <test-method is-config="true" signature="BeforeClass(java.lang.String)[pri:0, instance:All12TCusingTestNGIMplementation.CreateOppertunitiesusingTestNGpomImple@4c371370]" started-at="2024-11-11T10:35:57 IST" name="BeforeClass" finished-at="2024-11-11T10:36:11 IST" duration-ms="13804" status="PASS">
          <params>
            <param index="0">
              <value>
                <![CDATA[edge]]>
              </value>
            </param>
          </params>
          <reporter-output>
          </reporter-output>
        </test-method> <!-- BeforeClass -->
        <test-method is-config="true" signature="executeBefore()[pri:0, instance:All12TCusingTestNGIMplementation.CreateOppertunitiesusingTestNGpomImple@4c371370]" started-at="2024-11-11T10:36:11 IST" name="executeBefore" finished-at="2024-11-11T10:36:51 IST" duration-ms="39823" status="PASS">
          <reporter-output>
          </reporter-output>
        </test-method> <!-- executeBefore -->
        <test-method signature="CreateOppertunitiesTest()[pri:0, instance:All12TCusingTestNGIMplementation.CreateOppertunitiesusingTestNGpomImple@4c371370]" started-at="2024-11-11T10:36:51 IST" name="CreateOppertunitiesTest" finished-at="2024-11-11T10:37:46 IST" duration-ms="55091" status="PASS">
          <reporter-output>
          </reporter-output>
        </test-method> <!-- CreateOppertunitiesTest -->
        <test-method is-config="true" signature="executeAfter()[pri:0, instance:All12TCusingTestNGIMplementation.CreateOppertunitiesusingTestNGpomImple@4c371370]" started-at="2024-11-11T10:37:46 IST" name="executeAfter" finished-at="2024-11-11T10:37:53 IST" duration-ms="7022" status="PASS">
          <reporter-output>
          </reporter-output>
        </test-method> <!-- executeAfter -->
        <test-method is-config="true" signature="Afterclass()[pri:0, instance:All12TCusingTestNGIMplementation.CreateOppertunitiesusingTestNGpomImple@4c371370]" started-at="2024-11-11T10:37:53 IST" name="Afterclass" finished-at="2024-11-11T10:38:04 IST" duration-ms="10464" status="PASS">
          <reporter-output>
          </reporter-output>
        </test-method> <!-- Afterclass -->
        <test-method is-config="true" signature="AfterSuite()[pri:0, instance:All12TCusingTestNGIMplementation.CreateOppertunitiesusingTestNGpomImple@4c371370]" started-at="2024-11-11T10:39:15 IST" name="AfterSuite" finished-at="2024-11-11T10:39:15 IST" duration-ms="0" status="PASS">
          <reporter-output>
          </reporter-output>
        </test-method> <!-- AfterSuite -->
      </class> <!-- All12TCusingTestNGIMplementation.CreateOppertunitiesusingTestNGpomImple -->
      <class name="All12TCusingTestNGIMplementation.CreteOrgTestPOMusingTestNGimple">
        <test-method is-config="true" signature="BeforeClass(java.lang.String)[pri:0, instance:All12TCusingTestNGIMplementation.CreteOrgTestPOMusingTestNGimple@5c6648b0]" started-at="2024-11-11T10:35:57 IST" name="BeforeClass" finished-at="2024-11-11T10:36:11 IST" duration-ms="13949" status="PASS">
          <params>
            <param index="0">
              <value>
                <![CDATA[edge]]>
              </value>
            </param>
          </params>
          <reporter-output>
          </reporter-output>
        </test-method> <!-- BeforeClass -->
        <test-method is-config="true" signature="executeBefore()[pri:0, instance:All12TCusingTestNGIMplementation.CreteOrgTestPOMusingTestNGimple@5c6648b0]" started-at="2024-11-11T10:36:11 IST" name="executeBefore" finished-at="2024-11-11T10:37:05 IST" duration-ms="53547" status="PASS">
          <reporter-output>
          </reporter-output>
        </test-method> <!-- executeBefore -->
        <test-method signature="CreateORGwithPHoneNUmTest()[pri:0, instance:All12TCusingTestNGIMplementation.CreteOrgTestPOMusingTestNGimple@5c6648b0]" started-at="2024-11-11T10:37:05 IST" name="CreateORGwithPHoneNUmTest" finished-at="2024-11-11T10:37:28 IST" duration-ms="23110" status="PASS">
          <reporter-output>
          </reporter-output>
        </test-method> <!-- CreateORGwithPHoneNUmTest -->
        <test-method is-config="true" signature="executeAfter()[pri:0, instance:All12TCusingTestNGIMplementation.CreteOrgTestPOMusingTestNGimple@5c6648b0]" started-at="2024-11-11T10:37:28 IST" name="executeAfter" finished-at="2024-11-11T10:37:41 IST" duration-ms="12718" status="PASS">
          <reporter-output>
          </reporter-output>
        </test-method> <!-- executeAfter -->
        <test-method is-config="true" signature="executeBefore()[pri:0, instance:All12TCusingTestNGIMplementation.CreteOrgTestPOMusingTestNGimple@5c6648b0]" started-at="2024-11-11T10:37:41 IST" name="executeBefore" finished-at="2024-11-11T10:37:43 IST" duration-ms="2704" status="PASS">
          <reporter-output>
          </reporter-output>
        </test-method> <!-- executeBefore -->
        <test-method signature="CreateOrgTest()[pri:0, instance:All12TCusingTestNGIMplementation.CreteOrgTestPOMusingTestNGimple@5c6648b0]" started-at="2024-11-11T10:37:43 IST" name="CreateOrgTest" finished-at="2024-11-11T10:38:00 IST" duration-ms="16816" status="PASS">
          <reporter-output>
          </reporter-output>
        </test-method> <!-- CreateOrgTest -->
        <test-method is-config="true" signature="executeAfter()[pri:0, instance:All12TCusingTestNGIMplementation.CreteOrgTestPOMusingTestNGimple@5c6648b0]" started-at="2024-11-11T10:38:00 IST" name="executeAfter" finished-at="2024-11-11T10:38:07 IST" duration-ms="6469" status="PASS">
          <reporter-output>
          </reporter-output>
        </test-method> <!-- executeAfter -->
        <test-method is-config="true" signature="executeBefore()[pri:0, instance:All12TCusingTestNGIMplementation.CreteOrgTestPOMusingTestNGimple@5c6648b0]" started-at="2024-11-11T10:38:07 IST" name="executeBefore" finished-at="2024-11-11T10:38:09 IST" duration-ms="2763" status="PASS">
          <reporter-output>
          </reporter-output>
        </test-method> <!-- executeBefore -->
        <test-method signature="CreateOrganizationwithIndustryTestpomTest()[pri:0, instance:All12TCusingTestNGIMplementation.CreteOrgTestPOMusingTestNGimple@5c6648b0]" started-at="2024-11-11T10:38:09 IST" name="CreateOrganizationwithIndustryTestpomTest" finished-at="2024-11-11T10:38:22 IST" duration-ms="12223" status="PASS">
          <reporter-output>
          </reporter-output>
        </test-method> <!-- CreateOrganizationwithIndustryTestpomTest -->
        <test-method is-config="true" signature="executeAfter()[pri:0, instance:All12TCusingTestNGIMplementation.CreteOrgTestPOMusingTestNGimple@5c6648b0]" started-at="2024-11-11T10:38:22 IST" name="executeAfter" finished-at="2024-11-11T10:38:28 IST" duration-ms="6161" status="PASS">
          <reporter-output>
          </reporter-output>
        </test-method> <!-- executeAfter -->
        <test-method is-config="true" signature="executeBefore()[pri:0, instance:All12TCusingTestNGIMplementation.CreteOrgTestPOMusingTestNGimple@5c6648b0]" started-at="2024-11-11T10:38:28 IST" name="executeBefore" finished-at="2024-11-11T10:38:30 IST" duration-ms="2047" status="PASS">
          <reporter-output>
          </reporter-output>
        </test-method> <!-- executeBefore -->
        <test-method signature="DeleteOrganizationTestPomTest()[pri:0, instance:All12TCusingTestNGIMplementation.CreteOrgTestPOMusingTestNGimple@5c6648b0]" started-at="2024-11-11T10:38:30 IST" name="DeleteOrganizationTestPomTest" finished-at="2024-11-11T10:38:43 IST" duration-ms="12863" status="PASS">
          <reporter-output>
          </reporter-output>
        </test-method> <!-- DeleteOrganizationTestPomTest -->
        <test-method is-config="true" signature="executeAfter()[pri:0, instance:All12TCusingTestNGIMplementation.CreteOrgTestPOMusingTestNGimple@5c6648b0]" started-at="2024-11-11T10:38:43 IST" name="executeAfter" finished-at="2024-11-11T10:38:51 IST" duration-ms="8670" status="PASS">
          <reporter-output>
          </reporter-output>
        </test-method> <!-- executeAfter -->
        <test-method is-config="true" signature="Afterclass()[pri:0, instance:All12TCusingTestNGIMplementation.CreteOrgTestPOMusingTestNGimple@5c6648b0]" started-at="2024-11-11T10:38:51 IST" name="Afterclass" finished-at="2024-11-11T10:38:52 IST" duration-ms="437" status="PASS">
          <reporter-output>
          </reporter-output>
        </test-method> <!-- Afterclass -->
      </class> <!-- All12TCusingTestNGIMplementation.CreteOrgTestPOMusingTestNGimple -->
      <class name="All12TCusingTestNGIMplementation.CreateTicketusingTestngImple">
        <test-method is-config="true" signature="BeforeClass(java.lang.String)[pri:0, instance:All12TCusingTestNGIMplementation.CreateTicketusingTestngImple@34a3d150]" started-at="2024-11-11T10:35:57 IST" name="BeforeClass" finished-at="2024-11-11T10:36:11 IST" duration-ms="13311" status="PASS">
          <params>
            <param index="0">
              <value>
                <![CDATA[edge]]>
              </value>
            </param>
          </params>
          <reporter-output>
          </reporter-output>
        </test-method> <!-- BeforeClass -->
        <test-method is-config="true" signature="executeBefore()[pri:0, instance:All12TCusingTestNGIMplementation.CreateTicketusingTestngImple@34a3d150]" started-at="2024-11-11T10:36:11 IST" name="executeBefore" finished-at="2024-11-11T10:36:54 IST" duration-ms="43567" status="PASS">
          <reporter-output>
          </reporter-output>
        </test-method> <!-- executeBefore -->
        <test-method signature="CreateTicket1Test()[pri:0, instance:All12TCusingTestNGIMplementation.CreateTicketusingTestngImple@34a3d150]" started-at="2024-11-11T10:36:54 IST" name="CreateTicket1Test" finished-at="2024-11-11T10:37:26 IST" duration-ms="31517" status="PASS">
          <reporter-output>
          </reporter-output>
        </test-method> <!-- CreateTicket1Test -->
        <test-method is-config="true" signature="executeAfter()[pri:0, instance:All12TCusingTestNGIMplementation.CreateTicketusingTestngImple@34a3d150]" started-at="2024-11-11T10:37:26 IST" name="executeAfter" finished-at="2024-11-11T10:37:33 IST" duration-ms="7389" status="PASS">
          <reporter-output>
          </reporter-output>
        </test-method> <!-- executeAfter -->
        <test-method is-config="true" signature="Afterclass()[pri:0, instance:All12TCusingTestNGIMplementation.CreateTicketusingTestngImple@34a3d150]" started-at="2024-11-11T10:37:33 IST" name="Afterclass" finished-at="2024-11-11T10:37:45 IST" duration-ms="11601" status="PASS">
          <reporter-output>
          </reporter-output>
        </test-method> <!-- Afterclass -->
      </class> <!-- All12TCusingTestNGIMplementation.CreateTicketusingTestngImple -->
      <class name="All12TCusingTestNGIMplementation.CreatecontactTestpomusingTestNGimple">
        <test-method is-config="true" signature="BeforeClass(java.lang.String)[pri:0, instance:All12TCusingTestNGIMplementation.CreatecontactTestpomusingTestNGimple@2a4fb17b]" started-at="2024-11-11T10:35:57 IST" name="BeforeClass" finished-at="2024-11-11T10:36:11 IST" duration-ms="13311" status="PASS">
          <params>
            <param index="0">
              <value>
                <![CDATA[edge]]>
              </value>
            </param>
          </params>
          <reporter-output>
          </reporter-output>
        </test-method> <!-- BeforeClass -->
        <test-method is-config="true" signature="executeBefore()[pri:0, instance:All12TCusingTestNGIMplementation.CreatecontactTestpomusingTestNGimple@2a4fb17b]" started-at="2024-11-11T10:36:11 IST" name="executeBefore" finished-at="2024-11-11T10:36:46 IST" duration-ms="35632" status="PASS">
          <reporter-output>
          </reporter-output>
        </test-method> <!-- executeBefore -->
        <test-method signature="CreateConatctwithEmailTest()[pri:0, instance:All12TCusingTestNGIMplementation.CreatecontactTestpomusingTestNGimple@2a4fb17b]" started-at="2024-11-11T10:36:46 IST" name="CreateConatctwithEmailTest" finished-at="2024-11-11T10:37:56 IST" duration-ms="69231" status="PASS">
          <reporter-output>
          </reporter-output>
        </test-method> <!-- CreateConatctwithEmailTest -->
        <test-method is-config="true" signature="executeAfter()[pri:0, instance:All12TCusingTestNGIMplementation.CreatecontactTestpomusingTestNGimple@2a4fb17b]" started-at="2024-11-11T10:37:56 IST" name="executeAfter" finished-at="2024-11-11T10:38:02 IST" duration-ms="6314" status="PASS">
          <reporter-output>
          </reporter-output>
        </test-method> <!-- executeAfter -->
        <test-method is-config="true" signature="executeBefore()[pri:0, instance:All12TCusingTestNGIMplementation.CreatecontactTestpomusingTestNGimple@2a4fb17b]" started-at="2024-11-11T10:38:02 IST" name="executeBefore" finished-at="2024-11-11T10:38:04 IST" duration-ms="2613" status="PASS">
          <reporter-output>
          </reporter-output>
        </test-method> <!-- executeBefore -->
        <test-method signature="CreateContactwithOrgTest()[pri:0, instance:All12TCusingTestNGIMplementation.CreatecontactTestpomusingTestNGimple@2a4fb17b]" started-at="2024-11-11T10:38:04 IST" name="CreateContactwithOrgTest" finished-at="2024-11-11T10:38:31 IST" duration-ms="26064" status="PASS">
          <reporter-output>
          </reporter-output>
        </test-method> <!-- CreateContactwithOrgTest -->
        <test-method is-config="true" signature="executeAfter()[pri:0, instance:All12TCusingTestNGIMplementation.CreatecontactTestpomusingTestNGimple@2a4fb17b]" started-at="2024-11-11T10:38:31 IST" name="executeAfter" finished-at="2024-11-11T10:38:37 IST" duration-ms="6062" status="PASS">
          <reporter-output>
          </reporter-output>
        </test-method> <!-- executeAfter -->
        <test-method is-config="true" signature="executeBefore()[pri:0, instance:All12TCusingTestNGIMplementation.CreatecontactTestpomusingTestNGimple@2a4fb17b]" started-at="2024-11-11T10:38:37 IST" name="executeBefore" finished-at="2024-11-11T10:38:39 IST" duration-ms="2189" status="PASS">
          <reporter-output>
          </reporter-output>
        </test-method> <!-- executeBefore -->
        <test-method signature="CreateContactwithSupportDateTest()[pri:0, instance:All12TCusingTestNGIMplementation.CreatecontactTestpomusingTestNGimple@2a4fb17b]" started-at="2024-11-11T10:38:39 IST" name="CreateContactwithSupportDateTest" finished-at="2024-11-11T10:38:51 IST" duration-ms="12405" status="PASS">
          <reporter-output>
          </reporter-output>
        </test-method> <!-- CreateContactwithSupportDateTest -->
        <test-method is-config="true" signature="executeAfter()[pri:0, instance:All12TCusingTestNGIMplementation.CreatecontactTestpomusingTestNGimple@2a4fb17b]" started-at="2024-11-11T10:38:51 IST" name="executeAfter" finished-at="2024-11-11T10:38:57 IST" duration-ms="6020" status="PASS">
          <reporter-output>
          </reporter-output>
        </test-method> <!-- executeAfter -->
        <test-method is-config="true" signature="executeBefore()[pri:0, instance:All12TCusingTestNGIMplementation.CreatecontactTestpomusingTestNGimple@2a4fb17b]" started-at="2024-11-11T10:38:57 IST" name="executeBefore" finished-at="2024-11-11T10:38:59 IST" duration-ms="2284" status="PASS">
          <reporter-output>
          </reporter-output>
        </test-method> <!-- executeBefore -->
        <test-method signature="CreatecontactTest()[pri:0, instance:All12TCusingTestNGIMplementation.CreatecontactTestpomusingTestNGimple@2a4fb17b]" started-at="2024-11-11T10:38:59 IST" name="CreatecontactTest" finished-at="2024-11-11T10:39:07 IST" duration-ms="7712" status="PASS">
          <reporter-output>
          </reporter-output>
        </test-method> <!-- CreatecontactTest -->
        <test-method is-config="true" signature="executeAfter()[pri:0, instance:All12TCusingTestNGIMplementation.CreatecontactTestpomusingTestNGimple@2a4fb17b]" started-at="2024-11-11T10:39:07 IST" name="executeAfter" finished-at="2024-11-11T10:39:13 IST" duration-ms="6107" status="PASS">
          <reporter-output>
          </reporter-output>
        </test-method> <!-- executeAfter -->
        <test-method is-config="true" signature="Afterclass()[pri:0, instance:All12TCusingTestNGIMplementation.CreatecontactTestpomusingTestNGimple@2a4fb17b]" started-at="2024-11-11T10:39:13 IST" name="Afterclass" finished-at="2024-11-11T10:39:15 IST" duration-ms="1522" status="PASS">
          <reporter-output>
          </reporter-output>
        </test-method> <!-- Afterclass -->
      </class> <!-- All12TCusingTestNGIMplementation.CreatecontactTestpomusingTestNGimple -->
      <class name="All12TCusingTestNGIMplementation.CreateDocumentusingTEstNgIMple">
        <test-method is-config="true" signature="BeforeClass(java.lang.String)[pri:0, instance:All12TCusingTestNGIMplementation.CreateDocumentusingTEstNgIMple@459e9125]" started-at="2024-11-11T10:37:45 IST" name="BeforeClass" finished-at="2024-11-11T10:37:48 IST" duration-ms="3348" status="PASS">
          <params>
            <param index="0">
              <value>
                <![CDATA[edge]]>
              </value>
            </param>
          </params>
          <reporter-output>
          </reporter-output>
        </test-method> <!-- BeforeClass -->
        <test-method is-config="true" signature="executeBefore()[pri:0, instance:All12TCusingTestNGIMplementation.CreateDocumentusingTEstNgIMple@459e9125]" started-at="2024-11-11T10:37:48 IST" name="executeBefore" finished-at="2024-11-11T10:38:03 IST" duration-ms="15352" status="PASS">
          <reporter-output>
          </reporter-output>
        </test-method> <!-- executeBefore -->
        <test-method signature="CreateDocumentTest()[pri:0, instance:All12TCusingTestNGIMplementation.CreateDocumentusingTEstNgIMple@459e9125]" started-at="2024-11-11T10:38:03 IST" name="CreateDocumentTest" finished-at="2024-11-11T10:38:16 IST" duration-ms="12599" status="PASS">
          <reporter-output>
          </reporter-output>
        </test-method> <!-- CreateDocumentTest -->
        <test-method is-config="true" signature="executeAfter()[pri:0, instance:All12TCusingTestNGIMplementation.CreateDocumentusingTEstNgIMple@459e9125]" started-at="2024-11-11T10:38:16 IST" name="executeAfter" finished-at="2024-11-11T10:38:22 IST" duration-ms="6347" status="PASS">
          <reporter-output>
          </reporter-output>
        </test-method> <!-- executeAfter -->
        <test-method is-config="true" signature="Afterclass()[pri:0, instance:All12TCusingTestNGIMplementation.CreateDocumentusingTEstNgIMple@459e9125]" started-at="2024-11-11T10:38:22 IST" name="Afterclass" finished-at="2024-11-11T10:38:24 IST" duration-ms="1898" status="PASS">
          <reporter-output>
          </reporter-output>
        </test-method> <!-- Afterclass -->
      </class> <!-- All12TCusingTestNGIMplementation.CreateDocumentusingTEstNgIMple -->
      <class name="All12TCusingTestNGIMplementation.CreateLeadsusingTEstngIMple">
        <test-method is-config="true" signature="BeforeClass(java.lang.String)[pri:0, instance:All12TCusingTestNGIMplementation.CreateLeadsusingTEstngIMple@6f1de4c7]" started-at="2024-11-11T10:35:57 IST" name="BeforeClass" finished-at="2024-11-11T10:36:11 IST" duration-ms="13311" status="PASS">
          <params>
            <param index="0">
              <value>
                <![CDATA[edge]]>
              </value>
            </param>
          </params>
          <reporter-output>
          </reporter-output>
        </test-method> <!-- BeforeClass -->
        <test-method is-config="true" signature="executeBefore()[pri:0, instance:All12TCusingTestNGIMplementation.CreateLeadsusingTEstngIMple@6f1de4c7]" started-at="2024-11-11T10:36:11 IST" name="executeBefore" finished-at="2024-11-11T10:36:47 IST" duration-ms="36705" status="PASS">
          <reporter-output>
          </reporter-output>
        </test-method> <!-- executeBefore -->
        <test-method signature="CreateLeadsTest()[pri:0, instance:All12TCusingTestNGIMplementation.CreateLeadsusingTEstngIMple@6f1de4c7]" started-at="2024-11-11T10:36:47 IST" name="CreateLeadsTest" finished-at="2024-11-11T10:37:32 IST" duration-ms="44738" status="PASS">
          <reporter-output>
          </reporter-output>
        </test-method> <!-- CreateLeadsTest -->
        <test-method is-config="true" signature="executeAfter()[pri:0, instance:All12TCusingTestNGIMplementation.CreateLeadsusingTEstngIMple@6f1de4c7]" started-at="2024-11-11T10:37:32 IST" name="executeAfter" finished-at="2024-11-11T10:37:39 IST" duration-ms="6826" status="PASS">
          <reporter-output>
          </reporter-output>
        </test-method> <!-- executeAfter -->
        <test-method is-config="true" signature="Afterclass()[pri:0, instance:All12TCusingTestNGIMplementation.CreateLeadsusingTEstngIMple@6f1de4c7]" started-at="2024-11-11T10:37:39 IST" name="Afterclass" finished-at="2024-11-11T10:37:47 IST" duration-ms="7895" status="PASS">
          <reporter-output>
          </reporter-output>
        </test-method> <!-- Afterclass -->
      </class> <!-- All12TCusingTestNGIMplementation.CreateLeadsusingTEstngIMple -->
    </test> <!-- Test -->
  </suite> <!-- Suite -->
</testng-results>
