<?xml version="1.0" encoding="UTF-8"?>
<testng-results ignored="0" total="4" passed="4" failed="0" skipped="0">
  <reporter-output>
  </reporter-output>
  <suite started-at="2024-11-08T15:02:28 IST" name="Default suite" finished-at="2024-11-08T15:04:22 IST" duration-ms="114337">
    <groups>
      <group name="Regression Test">
        <method signature="CreatecontactTestpomusingTestNGimple.CreateConatctwithEmailTest()[pri:0, instance:All12TCusingTestNGIMplementation.CreatecontactTestpomusingTestNGimple@3e27aa33]" name="CreateConatctwithEmailTest" class="All12TCusingTestNGIMplementation.CreatecontactTestpomusingTestNGimple"/>
        <method signature="CreatecontactTestpomusingTestNGimple.CreateContactwithOrgTest()[pri:0, instance:All12TCusingTestNGIMplementation.CreatecontactTestpomusingTestNGimple@3e27aa33]" name="CreateContactwithOrgTest" class="All12TCusingTestNGIMplementation.CreatecontactTestpomusingTestNGimple"/>
        <method signature="CreatecontactTestpomusingTestNGimple.CreateContactwithSupportDateTest()[pri:0, instance:All12TCusingTestNGIMplementation.CreatecontactTestpomusingTestNGimple@3e27aa33]" name="CreateContactwithSupportDateTest" class="All12TCusingTestNGIMplementation.CreatecontactTestpomusingTestNGimple"/>
      </group> <!-- Regression Test -->
      <group name="Smoke Test">
        <method signature="CreatecontactTestpomusingTestNGimple.CreatecontactTest()[pri:0, instance:All12TCusingTestNGIMplementation.CreatecontactTestpomusingTestNGimple@3e27aa33]" name="CreatecontactTest" class="All12TCusingTestNGIMplementation.CreatecontactTestpomusingTestNGimple"/>
      </group> <!-- Smoke Test -->
    </groups>
    <test started-at="2024-11-08T15:02:28 IST" name="Default test" finished-at="2024-11-08T15:04:22 IST" duration-ms="114337">
      <class name="All12TCusingTestNGIMplementation.CreatecontactTestpomusingTestNGimple">
        <test-method is-config="true" signature="BeforeSuite()[pri:0, instance:All12TCusingTestNGIMplementation.CreatecontactTestpomusingTestNGimple@3e27aa33]" started-at="2024-11-08T15:02:27 IST" name="BeforeSuite" finished-at="2024-11-08T15:02:28 IST" duration-ms="1073" status="PASS">
          <reporter-output>
          </reporter-output>
        </test-method> <!-- BeforeSuite -->
        <test-method is-config="true" signature="BeforeClass(java.lang.String)[pri:0, instance:All12TCusingTestNGIMplementation.CreatecontactTestpomusingTestNGimple@3e27aa33]" started-at="2024-11-08T15:02:28 IST" name="BeforeClass" finished-at="2024-11-08T15:02:33 IST" duration-ms="4502" status="PASS">
          <params>
            <param index="0">
              <value>
                <![CDATA[edge]]>
              </value>
            </param>
          </params>
          <reporter-output>
          </reporter-output>
        </test-method> <!-- BeforeClass -->
        <test-method is-config="true" signature="executeBefore()[pri:0, instance:All12TCusingTestNGIMplementation.CreatecontactTestpomusingTestNGimple@3e27aa33]" started-at="2024-11-08T15:02:33 IST" name="executeBefore" finished-at="2024-11-08T15:02:39 IST" duration-ms="6532" status="PASS">
          <reporter-output>
          </reporter-output>
        </test-method> <!-- executeBefore -->
        <test-method signature="CreateConatctwithEmailTest()[pri:0, instance:All12TCusingTestNGIMplementation.CreatecontactTestpomusingTestNGimple@3e27aa33]" started-at="2024-11-08T15:02:39 IST" name="CreateConatctwithEmailTest" finished-at="2024-11-08T15:03:08 IST" duration-ms="28904" status="PASS">
          <reporter-output>
          </reporter-output>
        </test-method> <!-- CreateConatctwithEmailTest -->
        <test-method is-config="true" signature="executeAfter()[pri:0, instance:All12TCusingTestNGIMplementation.CreatecontactTestpomusingTestNGimple@3e27aa33]" started-at="2024-11-08T15:03:08 IST" name="executeAfter" finished-at="2024-11-08T15:03:14 IST" duration-ms="6013" status="PASS">
          <reporter-output>
          </reporter-output>
        </test-method> <!-- executeAfter -->
        <test-method is-config="true" signature="executeBefore()[pri:0, instance:All12TCusingTestNGIMplementation.CreatecontactTestpomusingTestNGimple@3e27aa33]" started-at="2024-11-08T15:03:14 IST" name="executeBefore" finished-at="2024-11-08T15:03:16 IST" duration-ms="1910" status="PASS">
          <reporter-output>
          </reporter-output>
        </test-method> <!-- executeBefore -->
        <test-method signature="CreateContactwithOrgTest()[pri:0, instance:All12TCusingTestNGIMplementation.CreatecontactTestpomusingTestNGimple@3e27aa33]" started-at="2024-11-08T15:03:16 IST" name="CreateContactwithOrgTest" finished-at="2024-11-08T15:03:36 IST" duration-ms="20171" status="PASS">
          <reporter-output>
          </reporter-output>
        </test-method> <!-- CreateContactwithOrgTest -->
        <test-method is-config="true" signature="executeAfter()[pri:0, instance:All12TCusingTestNGIMplementation.CreatecontactTestpomusingTestNGimple@3e27aa33]" started-at="2024-11-08T15:03:36 IST" name="executeAfter" finished-at="2024-11-08T15:03:43 IST" duration-ms="6476" status="PASS">
          <reporter-output>
          </reporter-output>
        </test-method> <!-- executeAfter -->
        <test-method is-config="true" signature="executeBefore()[pri:0, instance:All12TCusingTestNGIMplementation.CreatecontactTestpomusingTestNGimple@3e27aa33]" started-at="2024-11-08T15:03:43 IST" name="executeBefore" finished-at="2024-11-08T15:03:45 IST" duration-ms="1897" status="PASS">
          <reporter-output>
          </reporter-output>
        </test-method> <!-- executeBefore -->
        <test-method signature="CreateContactwithSupportDateTest()[pri:0, instance:All12TCusingTestNGIMplementation.CreatecontactTestpomusingTestNGimple@3e27aa33]" started-at="2024-11-08T15:03:45 IST" name="CreateContactwithSupportDateTest" finished-at="2024-11-08T15:03:59 IST" duration-ms="14632" status="PASS">
          <reporter-output>
          </reporter-output>
        </test-method> <!-- CreateContactwithSupportDateTest -->
        <test-method is-config="true" signature="executeAfter()[pri:0, instance:All12TCusingTestNGIMplementation.CreatecontactTestpomusingTestNGimple@3e27aa33]" started-at="2024-11-08T15:03:59 IST" name="executeAfter" finished-at="2024-11-08T15:04:05 IST" duration-ms="6060" status="PASS">
          <reporter-output>
          </reporter-output>
        </test-method> <!-- executeAfter -->
        <test-method is-config="true" signature="executeBefore()[pri:0, instance:All12TCusingTestNGIMplementation.CreatecontactTestpomusingTestNGimple@3e27aa33]" started-at="2024-11-08T15:04:05 IST" name="executeBefore" finished-at="2024-11-08T15:04:07 IST" duration-ms="1905" status="PASS">
          <reporter-output>
          </reporter-output>
        </test-method> <!-- executeBefore -->
        <test-method signature="CreatecontactTest()[pri:0, instance:All12TCusingTestNGIMplementation.CreatecontactTestpomusingTestNGimple@3e27aa33]" started-at="2024-11-08T15:04:07 IST" name="CreatecontactTest" finished-at="2024-11-08T15:04:16 IST" duration-ms="8810" status="PASS">
          <reporter-output>
          </reporter-output>
        </test-method> <!-- CreatecontactTest -->
        <test-method is-config="true" signature="executeAfter()[pri:0, instance:All12TCusingTestNGIMplementation.CreatecontactTestpomusingTestNGimple@3e27aa33]" started-at="2024-11-08T15:04:16 IST" name="executeAfter" finished-at="2024-11-08T15:04:22 IST" duration-ms="6049" status="PASS">
          <reporter-output>
          </reporter-output>
        </test-method> <!-- executeAfter -->
        <test-method is-config="true" signature="Afterclass()[pri:0, instance:All12TCusingTestNGIMplementation.CreatecontactTestpomusingTestNGimple@3e27aa33]" started-at="2024-11-08T15:04:22 IST" name="Afterclass" finished-at="2024-11-08T15:04:22 IST" duration-ms="439" status="PASS">
          <reporter-output>
          </reporter-output>
        </test-method> <!-- Afterclass -->
        <test-method is-config="true" signature="AfterSuite()[pri:0, instance:All12TCusingTestNGIMplementation.CreatecontactTestpomusingTestNGimple@3e27aa33]" started-at="2024-11-08T15:04:22 IST" name="AfterSuite" finished-at="2024-11-08T15:04:22 IST" duration-ms="1" status="PASS">
          <reporter-output>
          </reporter-output>
        </test-method> <!-- AfterSuite -->
      </class> <!-- All12TCusingTestNGIMplementation.CreatecontactTestpomusingTestNGimple -->
    </test> <!-- Default test -->
  </suite> <!-- Default suite -->
</testng-results>
